2025-08-23 02:37:09.305 [info] Log level: Info
2025-08-23 02:37:09.305 [info] Validating found git in: "git"
2025-08-23 02:37:09.305 [info] Using git "2.34.1" from "git"
2025-08-23 02:37:09.305 [info] > git rev-parse --show-toplevel [13ms]
2025-08-23 02:37:09.305 [info] fatal: not a git repository (or any parent up to mount point /home)
Stopping at filesystem boundary (GIT_DISCOVERY_ACROSS_FILESYSTEM not set).
2025-08-23 02:37:09.305 [info] > git rev-parse --show-toplevel [14ms]
2025-08-23 02:37:09.305 [info] fatal: not a git repository (or any parent up to mount point /home)
Stopping at filesystem boundary (GIT_DISCOVERY_ACROSS_FILESYSTEM not set).
2025-08-23 02:37:09.305 [info] > git rev-parse --show-toplevel [4ms]
2025-08-23 02:37:09.305 [info] fatal: not a git repository (or any parent up to mount point /home)
Stopping at filesystem boundary (GIT_DISCOVERY_ACROSS_FILESYSTEM not set).
2025-08-23 02:37:09.305 [info] > git rev-parse --show-toplevel [2ms]
2025-08-23 02:37:09.305 [info] fatal: not a git repository (or any parent up to mount point /home)
Stopping at filesystem boundary (GIT_DISCOVERY_ACROSS_FILESYSTEM not set).
2025-08-23 02:37:09.305 [info] > git rev-parse --show-toplevel [6ms]
2025-08-23 02:37:09.305 [info] fatal: not a git repository (or any parent up to mount point /home)
Stopping at filesystem boundary (GIT_DISCOVERY_ACROSS_FILESYSTEM not set).
2025-08-23 02:39:26.200 [info] > git rev-parse --show-toplevel [2ms]
2025-08-23 02:39:26.200 [info] fatal: not a git repository (or any parent up to mount point /home)
Stopping at filesystem boundary (GIT_DISCOVERY_ACROSS_FILESYSTEM not set).
2025-08-23 02:39:40.448 [info] > git rev-parse --show-toplevel [6ms]
2025-08-23 02:39:40.448 [info] fatal: not a git repository (or any parent up to mount point /home)
Stopping at filesystem boundary (GIT_DISCOVERY_ACROSS_FILESYSTEM not set).
2025-08-23 02:39:45.979 [info] > git rev-parse --show-toplevel [5ms]
2025-08-23 02:39:45.979 [info] fatal: not a git repository (or any parent up to mount point /home)
Stopping at filesystem boundary (GIT_DISCOVERY_ACROSS_FILESYSTEM not set).
2025-08-23 02:40:48.789 [info] > git rev-parse --show-toplevel [6ms]
2025-08-23 02:40:48.790 [info] fatal: not a git repository (or any parent up to mount point /home)
Stopping at filesystem boundary (GIT_DISCOVERY_ACROSS_FILESYSTEM not set).
2025-08-23 02:40:51.103 [info] > git rev-parse --show-toplevel [33ms]
2025-08-23 02:40:51.103 [info] fatal: not a git repository (or any parent up to mount point /home)
Stopping at filesystem boundary (GIT_DISCOVERY_ACROSS_FILESYSTEM not set).
2025-08-23 02:43:14.076 [info] > git rev-parse --show-toplevel [16ms]
2025-08-23 02:43:14.076 [info] fatal: not a git repository (or any parent up to mount point /home)
Stopping at filesystem boundary (GIT_DISCOVERY_ACROSS_FILESYSTEM not set).
2025-08-23 02:47:20.974 [info] > git rev-parse --show-toplevel [4ms]
2025-08-23 02:47:20.974 [info] fatal: not a git repository (or any parent up to mount point /home)
Stopping at filesystem boundary (GIT_DISCOVERY_ACROSS_FILESYSTEM not set).
2025-08-23 02:47:55.807 [info] > git rev-parse --show-toplevel [5ms]
2025-08-23 02:47:55.807 [info] fatal: not a git repository (or any parent up to mount point /home)
Stopping at filesystem boundary (GIT_DISCOVERY_ACROSS_FILESYSTEM not set).
2025-08-23 02:48:59.866 [info] > git rev-parse --show-toplevel [4ms]
2025-08-23 02:48:59.866 [info] fatal: not a git repository (or any parent up to mount point /home)
Stopping at filesystem boundary (GIT_DISCOVERY_ACROSS_FILESYSTEM not set).
2025-08-23 02:51:48.700 [info] > git rev-parse --show-toplevel [7ms]
2025-08-23 02:51:48.701 [info] fatal: not a git repository (or any parent up to mount point /home)
Stopping at filesystem boundary (GIT_DISCOVERY_ACROSS_FILESYSTEM not set).
2025-08-23 02:52:05.568 [info] > git rev-parse --show-toplevel [3ms]
2025-08-23 02:52:05.568 [info] fatal: not a git repository (or any parent up to mount point /home)
Stopping at filesystem boundary (GIT_DISCOVERY_ACROSS_FILESYSTEM not set).
2025-08-23 03:02:26.864 [info] > git rev-parse --show-toplevel [4ms]
2025-08-23 03:02:26.864 [info] fatal: not a git repository (or any parent up to mount point /home)
Stopping at filesystem boundary (GIT_DISCOVERY_ACROSS_FILESYSTEM not set).
2025-08-23 03:03:32.947 [info] > git rev-parse --show-toplevel [3ms]
2025-08-23 03:03:32.947 [info] fatal: not a git repository (or any parent up to mount point /home)
Stopping at filesystem boundary (GIT_DISCOVERY_ACROSS_FILESYSTEM not set).
2025-08-23 03:10:57.971 [info] > git rev-parse --show-toplevel [4ms]
2025-08-23 03:10:57.971 [info] fatal: not a git repository (or any parent up to mount point /home)
Stopping at filesystem boundary (GIT_DISCOVERY_ACROSS_FILESYSTEM not set).
2025-08-23 03:11:19.206 [info] > git rev-parse --show-toplevel [5ms]
2025-08-23 03:11:19.206 [info] fatal: not a git repository (or any parent up to mount point /home)
Stopping at filesystem boundary (GIT_DISCOVERY_ACROSS_FILESYSTEM not set).
2025-08-23 03:12:31.987 [info] > git rev-parse --show-toplevel [2ms]
2025-08-23 03:12:31.987 [info] fatal: not a git repository (or any parent up to mount point /home)
Stopping at filesystem boundary (GIT_DISCOVERY_ACROSS_FILESYSTEM not set).
2025-08-23 03:12:32.348 [info] > git rev-parse --show-toplevel [1ms]
2025-08-23 03:12:32.348 [info] fatal: not a git repository (or any parent up to mount point /home)
Stopping at filesystem boundary (GIT_DISCOVERY_ACROSS_FILESYSTEM not set).
2025-08-23 03:12:33.306 [info] > git rev-parse --show-toplevel [2ms]
2025-08-23 03:12:33.306 [info] fatal: not a git repository (or any parent up to mount point /home)
Stopping at filesystem boundary (GIT_DISCOVERY_ACROSS_FILESYSTEM not set).
2025-08-23 03:15:17.057 [info] > git rev-parse --show-toplevel [2ms]
2025-08-23 03:15:17.057 [info] fatal: not a git repository (or any parent up to mount point /home)
Stopping at filesystem boundary (GIT_DISCOVERY_ACROSS_FILESYSTEM not set).
2025-08-23 03:15:19.859 [info] > git rev-parse --show-toplevel [2ms]
2025-08-23 03:15:19.859 [info] fatal: not a git repository (or any parent up to mount point /home)
Stopping at filesystem boundary (GIT_DISCOVERY_ACROSS_FILESYSTEM not set).
2025-08-23 03:15:21.296 [info] > git rev-parse --show-toplevel [5ms]
2025-08-23 03:15:21.296 [info] fatal: not a git repository (or any parent up to mount point /home)
Stopping at filesystem boundary (GIT_DISCOVERY_ACROSS_FILESYSTEM not set).
2025-08-23 03:15:41.738 [info] > git rev-parse --show-toplevel [2ms]
2025-08-23 03:15:41.738 [info] fatal: not a git repository (or any parent up to mount point /home)
Stopping at filesystem boundary (GIT_DISCOVERY_ACROSS_FILESYSTEM not set).
2025-08-23 03:17:42.585 [info] > git rev-parse --show-toplevel [1ms]
2025-08-23 03:17:42.585 [info] fatal: not a git repository (or any parent up to mount point /home)
Stopping at filesystem boundary (GIT_DISCOVERY_ACROSS_FILESYSTEM not set).
2025-08-23 03:29:32.271 [info] > git rev-parse --show-toplevel [5ms]
2025-08-23 03:29:32.271 [info] fatal: not a git repository (or any parent up to mount point /home)
Stopping at filesystem boundary (GIT_DISCOVERY_ACROSS_FILESYSTEM not set).
2025-08-23 03:29:48.100 [info] > git rev-parse --show-toplevel [1ms]
2025-08-23 03:29:48.100 [info] fatal: not a git repository (or any parent up to mount point /home)
Stopping at filesystem boundary (GIT_DISCOVERY_ACROSS_FILESYSTEM not set).
2025-08-23 03:29:53.714 [info] > git rev-parse --show-toplevel [2ms]
2025-08-23 03:29:53.714 [info] fatal: not a git repository (or any parent up to mount point /home)
Stopping at filesystem boundary (GIT_DISCOVERY_ACROSS_FILESYSTEM not set).
2025-08-23 03:31:33.889 [info] > git rev-parse --show-toplevel [2ms]
2025-08-23 03:31:33.889 [info] fatal: not a git repository (or any parent up to mount point /home)
Stopping at filesystem boundary (GIT_DISCOVERY_ACROSS_FILESYSTEM not set).
2025-08-23 03:32:07.250 [info] > git rev-parse --show-toplevel [2ms]
2025-08-23 03:32:07.251 [info] fatal: not a git repository (or any parent up to mount point /home)
Stopping at filesystem boundary (GIT_DISCOVERY_ACROSS_FILESYSTEM not set).
2025-08-23 03:36:07.223 [info] > git rev-parse --show-toplevel [1ms]
2025-08-23 03:36:07.223 [info] fatal: not a git repository (or any parent up to mount point /home)
Stopping at filesystem boundary (GIT_DISCOVERY_ACROSS_FILESYSTEM not set).
2025-08-23 03:36:42.698 [info] > git rev-parse --show-toplevel [4ms]
2025-08-23 03:36:42.698 [info] fatal: not a git repository (or any parent up to mount point /home)
Stopping at filesystem boundary (GIT_DISCOVERY_ACROSS_FILESYSTEM not set).
2025-08-23 03:37:37.706 [info] > git rev-parse --show-toplevel [7ms]
2025-08-23 03:37:37.706 [info] fatal: not a git repository (or any parent up to mount point /home)
Stopping at filesystem boundary (GIT_DISCOVERY_ACROSS_FILESYSTEM not set).
2025-08-23 03:38:19.214 [info] > git rev-parse --show-toplevel [1ms]
2025-08-23 03:38:19.214 [info] fatal: not a git repository (or any parent up to mount point /home)
Stopping at filesystem boundary (GIT_DISCOVERY_ACROSS_FILESYSTEM not set).
2025-08-23 03:38:30.445 [info] > git rev-parse --show-toplevel [2ms]
2025-08-23 03:38:30.445 [info] fatal: not a git repository (or any parent up to mount point /home)
Stopping at filesystem boundary (GIT_DISCOVERY_ACROSS_FILESYSTEM not set).
2025-08-23 03:47:43.060 [info] > git rev-parse --show-toplevel [3ms]
2025-08-23 03:47:43.073 [info] > git rev-parse --git-dir --git-common-dir [1ms]
2025-08-23 03:47:43.086 [info] Open repository: /home/sagemaker-user/solution-files-c9/python
2025-08-23 03:47:43.113 [info] No remotes found in the git config file.
2025-08-23 03:47:43.114 [info] > git config --get commit.template [14ms]
2025-08-23 03:47:43.115 [info] > git for-each-ref --format=%(refname)%00%(upstream:short)%00%(objectname)%00%(upstream:track)%00%(upstream:remotename)%00%(upstream:remoteref) refs/heads/master refs/remotes/master [4ms]
2025-08-23 03:47:43.116 [warning] No such branch: master.
2025-08-23 03:47:43.169 [info] > git status -z -uall [41ms]
2025-08-23 03:47:43.934 [info] > git config --get commit.template [9ms]
2025-08-23 03:47:43.950 [info] No remotes found in the git config file.
2025-08-23 03:47:43.952 [info] > git for-each-ref --format=%(refname)%00%(upstream:short)%00%(objectname)%00%(upstream:track)%00%(upstream:remotename)%00%(upstream:remoteref) refs/heads/master refs/remotes/master [2ms]
2025-08-23 03:47:43.952 [warning] No such branch: master.
2025-08-23 03:47:44.001 [info] > git status -z -uall [38ms]
2025-08-23 03:47:44.601 [info] > git check-ignore -v -z --stdin [8ms]
2025-08-23 03:47:45.174 [info] > git show --textconv :integration/infrastructure.py [14ms]
2025-08-23 03:47:45.178 [info] > git ls-files --stage -- /home/sagemaker-user/solution-files-c9/python/integration/infrastructure.py [5ms]
2025-08-23 03:48:56.829 [info] > git rev-parse --show-toplevel [2ms]
2025-08-23 03:48:56.842 [info] > git rev-parse --git-dir --git-common-dir [2ms]
2025-08-23 03:48:56.847 [info] Open repository: /home/sagemaker-user
2025-08-23 03:48:56.862 [info] > git config --get commit.template [1ms]
2025-08-23 03:48:56.875 [info] No remotes found in the git config file.
2025-08-23 03:48:56.878 [info] > git for-each-ref --format=%(refname)%00%(upstream:short)%00%(objectname)%00%(upstream:track)%00%(upstream:remotename)%00%(upstream:remoteref) refs/heads/master refs/remotes/master [2ms]
2025-08-23 03:48:56.878 [warning] No such branch: master.
2025-08-23 03:48:56.976 [info] > git status -z -uall [87ms]
2025-08-23 03:48:58.277 [info] > git config --get commit.template [5ms]
2025-08-23 03:48:58.290 [info] No remotes found in the git config file.
2025-08-23 03:48:58.292 [info] > git for-each-ref --format=%(refname)%00%(upstream:short)%00%(objectname)%00%(upstream:track)%00%(upstream:remotename)%00%(upstream:remoteref) refs/heads/master refs/remotes/master [3ms]
2025-08-23 03:48:58.292 [warning] No such branch: master.
2025-08-23 03:48:58.411 [info] > git status -z -uall [108ms]
2025-08-23 03:48:59.828 [info] > git check-ignore -v -z --stdin [13ms]
2025-08-23 03:48:59.828 [info] > git check-ignore -v -z --stdin [3ms]
2025-08-23 03:49:01.223 [info] No remotes found in the git config file.
2025-08-23 03:49:01.235 [info] > git config --get commit.template [51ms]
2025-08-23 03:49:01.236 [info] > git for-each-ref --format=%(refname)%00%(upstream:short)%00%(objectname)%00%(upstream:track)%00%(upstream:remotename)%00%(upstream:remoteref) refs/heads/master refs/remotes/master [13ms]
2025-08-23 03:49:01.236 [warning] No such branch: master.
2025-08-23 03:49:01.447 [info] > git status -z -uall [167ms]
2025-08-23 03:49:04.386 [info] > git show --textconv :.gitignore [13ms]
2025-08-23 03:49:04.387 [info] > git ls-files --stage -- /home/sagemaker-user/solution-files-c9/python/.gitignore [3ms]
2025-08-23 03:49:06.800 [info] No remotes found in the git config file.
2025-08-23 03:49:06.812 [info] > git config --get commit.template [12ms]
2025-08-23 03:49:06.814 [info] > git for-each-ref --format=%(refname)%00%(upstream:short)%00%(objectname)%00%(upstream:track)%00%(upstream:remotename)%00%(upstream:remoteref) refs/heads/master refs/remotes/master [3ms]
2025-08-23 03:49:06.814 [warning] No such branch: master.
2025-08-23 03:49:06.894 [info] > git status -z -uall [69ms]
2025-08-23 03:49:12.051 [info] No remotes found in the git config file.
2025-08-23 03:49:12.052 [info] > git config --get commit.template [15ms]
2025-08-23 03:49:12.053 [info] > git for-each-ref --format=%(refname)%00%(upstream:short)%00%(objectname)%00%(upstream:track)%00%(upstream:remotename)%00%(upstream:remoteref) refs/heads/master refs/remotes/master [2ms]
2025-08-23 03:49:12.053 [warning] No such branch: master.
2025-08-23 03:49:12.128 [info] > git status -z -uall [63ms]
2025-08-23 03:49:17.273 [info] > git config --get commit.template [2ms]
2025-08-23 03:49:17.287 [info] No remotes found in the git config file.
2025-08-23 03:49:17.289 [info] > git for-each-ref --format=%(refname)%00%(upstream:short)%00%(objectname)%00%(upstream:track)%00%(upstream:remotename)%00%(upstream:remoteref) refs/heads/master refs/remotes/master [1ms]
2025-08-23 03:49:17.289 [warning] No such branch: master.
2025-08-23 03:49:17.378 [info] > git status -z -uall [77ms]
2025-08-23 03:49:22.536 [info] > git config --get commit.template [17ms]
2025-08-23 03:49:22.536 [info] No remotes found in the git config file.
2025-08-23 03:49:22.537 [info] > git for-each-ref --format=%(refname)%00%(upstream:short)%00%(objectname)%00%(upstream:track)%00%(upstream:remotename)%00%(upstream:remoteref) refs/heads/master refs/remotes/master [2ms]
2025-08-23 03:49:22.537 [warning] No such branch: master.
2025-08-23 03:49:22.635 [info] > git status -z -uall [86ms]
2025-08-23 03:49:27.774 [info] > git config --get commit.template [1ms]
2025-08-23 03:49:27.786 [info] No remotes found in the git config file.
2025-08-23 03:49:27.787 [info] > git for-each-ref --format=%(refname)%00%(upstream:short)%00%(objectname)%00%(upstream:track)%00%(upstream:remotename)%00%(upstream:remoteref) refs/heads/master refs/remotes/master [2ms]
2025-08-23 03:49:27.787 [warning] No such branch: master.
2025-08-23 03:49:27.883 [info] > git status -z -uall [84ms]
2025-08-23 03:49:33.035 [info] No remotes found in the git config file.
2025-08-23 03:49:33.037 [info] > git config --get commit.template [14ms]
2025-08-23 03:49:33.037 [info] > git for-each-ref --format=%(refname)%00%(upstream:short)%00%(objectname)%00%(upstream:track)%00%(upstream:remotename)%00%(upstream:remoteref) refs/heads/master refs/remotes/master [2ms]
2025-08-23 03:49:33.037 [warning] No such branch: master.
2025-08-23 03:49:33.114 [info] > git status -z -uall [65ms]
2025-08-23 03:49:48.420 [info] No remotes found in the git config file.
2025-08-23 03:49:48.421 [info] > git config --get commit.template [14ms]
2025-08-23 03:49:48.421 [info] > git for-each-ref --format=%(refname)%00%(upstream:short)%00%(objectname)%00%(upstream:track)%00%(upstream:remotename)%00%(upstream:remoteref) refs/heads/master refs/remotes/master [1ms]
2025-08-23 03:49:48.421 [warning] No such branch: master.
2025-08-23 03:49:48.495 [info] > git status -z -uall [62ms]
2025-08-23 03:49:52.302 [info] > git check-ignore -v -z --stdin [1ms]
2025-08-23 03:49:53.638 [info] > git config --get commit.template [4ms]
2025-08-23 03:49:53.650 [info] No remotes found in the git config file.
2025-08-23 03:49:53.651 [info] > git for-each-ref --format=%(refname)%00%(upstream:short)%00%(objectname)%00%(upstream:track)%00%(upstream:remotename)%00%(upstream:remoteref) refs/heads/master refs/remotes/master [1ms]
2025-08-23 03:49:53.652 [warning] No such branch: master.
2025-08-23 03:49:53.725 [info] > git status -z -uall [62ms]
2025-08-23 03:49:55.367 [info] > git check-ignore -v -z --stdin [1ms]
2025-08-23 03:51:10.795 [info] No remotes found in the git config file.
2025-08-23 03:51:10.797 [info] > git config --get commit.template [13ms]
2025-08-23 03:51:10.797 [info] > git for-each-ref --format=%(refname)%00%(upstream:short)%00%(objectname)%00%(upstream:track)%00%(upstream:remotename)%00%(upstream:remoteref) refs/heads/master refs/remotes/master [2ms]
2025-08-23 03:51:10.797 [warning] No such branch: master.
2025-08-23 03:51:10.888 [info] > git status -z -uall [79ms]
2025-08-23 03:51:16.059 [info] No remotes found in the git config file.
2025-08-23 03:51:16.061 [info] > git config --get commit.template [15ms]
2025-08-23 03:51:16.061 [info] > git for-each-ref --format=%(refname)%00%(upstream:short)%00%(objectname)%00%(upstream:track)%00%(upstream:remotename)%00%(upstream:remoteref) refs/heads/master refs/remotes/master [2ms]
2025-08-23 03:51:16.062 [warning] No such branch: master.
2025-08-23 03:51:16.137 [info] > git status -z -uall [63ms]
2025-08-23 03:51:21.300 [info] No remotes found in the git config file.
2025-08-23 03:51:21.302 [info] > git config --get commit.template [13ms]
2025-08-23 03:51:21.303 [info] > git for-each-ref --format=%(refname)%00%(upstream:short)%00%(objectname)%00%(upstream:track)%00%(upstream:remotename)%00%(upstream:remoteref) refs/heads/master refs/remotes/master [4ms]
2025-08-23 03:51:21.303 [warning] No such branch: master.
2025-08-23 03:51:21.397 [info] > git status -z -uall [83ms]
2025-08-23 03:51:22.530 [warning] ENOENT: no such file or directory, open '/home/sagemaker-user/solution-files-c9/python/.git/HEAD'
2025-08-23 03:51:22.544 [warning] getRemotes() - ENOENT: no such file or directory, open '/home/sagemaker-user/solution-files-c9/python/.git/config'
2025-08-23 03:51:22.557 [info] > git remote --verbose [14ms]
2025-08-23 03:51:22.558 [info] > git symbolic-ref --short HEAD [27ms]
2025-08-23 03:51:22.572 [info] > git config --get commit.template [17ms]
2025-08-23 03:51:22.576 [info] > git for-each-ref --format=%(refname)%00%(upstream:short)%00%(objectname)%00%(upstream:track)%00%(upstream:remotename)%00%(upstream:remoteref) refs/heads/master refs/remotes/master [5ms]
2025-08-23 03:51:22.576 [warning] No such branch: master.
2025-08-23 03:51:22.659 [info] > git status -z -uall [72ms]
2025-08-23 03:51:23.651 [info] > git check-ignore -v -z --stdin [5ms]
2025-08-23 03:51:23.706 [info] > git show --textconv :.gitignore [14ms]
2025-08-23 03:51:23.708 [info] > git ls-files --stage -- /home/sagemaker-user/.gitignore [4ms]
2025-08-23 03:51:26.550 [info] No remotes found in the git config file.
2025-08-23 03:51:26.551 [info] > git config --get commit.template [13ms]
2025-08-23 03:51:26.551 [info] > git for-each-ref --format=%(refname)%00%(upstream:short)%00%(objectname)%00%(upstream:track)%00%(upstream:remotename)%00%(upstream:remoteref) refs/heads/master refs/remotes/master [2ms]
2025-08-23 03:51:26.551 [warning] No such branch: master.
2025-08-23 03:51:26.627 [info] > git status -z -uall [64ms]
2025-08-23 03:51:31.782 [info] No remotes found in the git config file.
2025-08-23 03:51:31.783 [info] > git config --get commit.template [12ms]
2025-08-23 03:51:31.783 [info] > git for-each-ref --format=%(refname)%00%(upstream:short)%00%(objectname)%00%(upstream:track)%00%(upstream:remotename)%00%(upstream:remoteref) refs/heads/master refs/remotes/master [2ms]
2025-08-23 03:51:31.783 [warning] No such branch: master.
2025-08-23 03:51:31.866 [info] > git status -z -uall [72ms]
2025-08-23 03:51:35.924 [info] > git check-ignore -v -z --stdin [15ms]
2025-08-23 03:51:35.926 [info] > git check-ignore -v -z --stdin [4ms]
2025-08-23 03:51:37.010 [info] > git config --get commit.template [1ms]
2025-08-23 03:51:37.022 [info] No remotes found in the git config file.
2025-08-23 03:51:37.023 [info] > git for-each-ref --format=%(refname)%00%(upstream:short)%00%(objectname)%00%(upstream:track)%00%(upstream:remotename)%00%(upstream:remoteref) refs/heads/master refs/remotes/master [2ms]
2025-08-23 03:51:37.024 [warning] No such branch: master.
2025-08-23 03:51:37.077 [info] > git status -z -uall [42ms]
2025-08-23 03:51:44.254 [info] > git check-ignore -v -z --stdin [16ms]
2025-08-23 03:51:44.254 [info] > git check-ignore -v -z --stdin [2ms]
2025-08-23 03:51:45.907 [info] > git check-ignore -v -z --stdin [13ms]
2025-08-23 03:51:45.908 [info] > git check-ignore -v -z --stdin [3ms]
2025-08-23 03:51:50.497 [info] No remotes found in the git config file.
2025-08-23 03:51:50.503 [info] > git config --get commit.template [20ms]
2025-08-23 03:51:50.504 [info] > git for-each-ref --format=%(refname)%00%(upstream:short)%00%(objectname)%00%(upstream:track)%00%(upstream:remotename)%00%(upstream:remoteref) refs/heads/master refs/remotes/master [7ms]
2025-08-23 03:51:50.504 [warning] No such branch: master.
2025-08-23 03:51:50.590 [info] > git status -z -uall [60ms]
2025-08-23 03:51:53.190 [info] > git ls-files --stage -- /home/sagemaker-user/.gitignore [1ms]
2025-08-23 03:51:53.441 [info] > git show --textconv :.gitignore [1ms]
2025-08-23 03:51:55.664 [info] > git config --get commit.template [13ms]
2025-08-23 03:51:55.665 [info] > git for-each-ref --format=%(refname)%00%(upstream:short)%00%(objectname)%00%(upstream:track)%00%(upstream:remotename)%00%(upstream:remoteref) refs/heads/master refs/remotes/master [2ms]
2025-08-23 03:51:55.665 [warning] No such branch: master.
2025-08-23 03:51:55.706 [info] > git status -z -uall [30ms]
2025-08-23 03:52:00.773 [info] > git config --get commit.template [13ms]
2025-08-23 03:52:00.775 [info] > git for-each-ref --format=%(refname)%00%(upstream:short)%00%(objectname)%00%(upstream:track)%00%(upstream:remotename)%00%(upstream:remoteref) refs/heads/master refs/remotes/master [3ms]
2025-08-23 03:52:00.775 [warning] No such branch: master.
2025-08-23 03:52:00.821 [info] > git status -z -uall [33ms]
2025-08-23 03:52:08.224 [info] > git config --get commit.template [12ms]
2025-08-23 03:52:08.225 [info] > git for-each-ref --format=%(refname)%00%(upstream:short)%00%(objectname)%00%(upstream:track)%00%(upstream:remotename)%00%(upstream:remoteref) refs/heads/master refs/remotes/master [2ms]
2025-08-23 03:52:08.225 [warning] No such branch: master.
2025-08-23 03:52:08.267 [info] > git status -z -uall [26ms]
2025-08-23 03:52:11.111 [info] > git ls-files --stage -- /home/sagemaker-user/.gitignore [2ms]
2025-08-23 03:52:11.359 [info] > git show --textconv :.gitignore [2ms]
2025-08-23 03:52:13.713 [info] > git config --get commit.template [13ms]
2025-08-23 03:52:13.714 [info] > git for-each-ref --format=%(refname)%00%(upstream:short)%00%(objectname)%00%(upstream:track)%00%(upstream:remotename)%00%(upstream:remoteref) refs/heads/main refs/remotes/main [2ms]
2025-08-23 03:52:13.714 [warning] No such branch: main.
2025-08-23 03:52:13.766 [info] > git status -z -uall [41ms]
2025-08-23 03:52:18.831 [info] > git config --get commit.template [11ms]
2025-08-23 03:52:18.832 [info] > git for-each-ref --format=%(refname)%00%(upstream:short)%00%(objectname)%00%(upstream:track)%00%(upstream:remotename)%00%(upstream:remoteref) refs/heads/main refs/remotes/main [2ms]
2025-08-23 03:52:18.832 [warning] No such branch: main.
2025-08-23 03:52:18.882 [info] > git status -z -uall [39ms]
2025-08-23 03:52:24.051 [info] > git config --get commit.template [28ms]
2025-08-23 03:52:24.053 [info] > git for-each-ref --format=%(refname)%00%(upstream:short)%00%(objectname)%00%(upstream:track)%00%(upstream:remotename)%00%(upstream:remoteref) refs/heads/main refs/remotes/main [3ms]
2025-08-23 03:52:24.054 [warning] No such branch: main.
2025-08-23 03:52:24.116 [info] > git status -z -uall [47ms]
2025-08-23 03:52:29.211 [info] > git config --get commit.template [19ms]
2025-08-23 03:52:29.213 [info] > git for-each-ref --format=%(refname)%00%(upstream:short)%00%(objectname)%00%(upstream:track)%00%(upstream:remotename)%00%(upstream:remoteref) refs/heads/main refs/remotes/main [3ms]
2025-08-23 03:52:29.213 [warning] No such branch: main.
2025-08-23 03:52:29.275 [info] > git status -z -uall [45ms]
2025-08-23 03:52:33.695 [info] > git ls-files --stage -- /home/sagemaker-user/.gitignore [3ms]
2025-08-23 03:52:33.708 [info] > git cat-file -s c25ee6c8e1fa70d89ec2a8b4e68c397d063db984 [2ms]
2025-08-23 03:52:33.962 [info] > git show --textconv :.gitignore [3ms]
2025-08-23 03:52:34.352 [info] > git config --get commit.template [13ms]
2025-08-23 03:52:34.352 [info] > git for-each-ref --format=%(refname)%00%(upstream:short)%00%(objectname)%00%(upstream:track)%00%(upstream:remotename)%00%(upstream:remoteref) refs/heads/main refs/remotes/main [1ms]
2025-08-23 03:52:34.353 [warning] No such branch: main.
2025-08-23 03:52:34.396 [info] > git status -z -uall [31ms]
2025-08-23 03:52:39.475 [info] > git config --get commit.template [12ms]
2025-08-23 03:52:39.475 [info] > git for-each-ref --format=%(refname)%00%(upstream:short)%00%(objectname)%00%(upstream:track)%00%(upstream:remotename)%00%(upstream:remoteref) refs/heads/main refs/remotes/main [2ms]
2025-08-23 03:52:39.475 [warning] No such branch: main.
2025-08-23 03:52:39.521 [info] > git status -z -uall [34ms]
2025-08-23 03:52:44.588 [info] > git config --get commit.template [13ms]
2025-08-23 03:52:44.588 [info] > git for-each-ref --format=%(refname)%00%(upstream:short)%00%(objectname)%00%(upstream:track)%00%(upstream:remotename)%00%(upstream:remoteref) refs/heads/main refs/remotes/main [1ms]
2025-08-23 03:52:44.588 [warning] No such branch: main.
2025-08-23 03:52:44.629 [info] > git status -z -uall [30ms]
2025-08-23 03:52:49.704 [info] > git config --get commit.template [19ms]
2025-08-23 03:52:49.705 [info] > git for-each-ref --format=%(refname)%00%(upstream:short)%00%(objectname)%00%(upstream:track)%00%(upstream:remotename)%00%(upstream:remoteref) refs/heads/main refs/remotes/main [2ms]
2025-08-23 03:52:49.705 [warning] No such branch: main.
2025-08-23 03:52:49.747 [info] > git status -z -uall [31ms]
2025-08-23 03:52:54.815 [info] > git config --get commit.template [13ms]
2025-08-23 03:52:54.816 [info] > git for-each-ref --format=%(refname)%00%(upstream:short)%00%(objectname)%00%(upstream:track)%00%(upstream:remotename)%00%(upstream:remoteref) refs/heads/main refs/remotes/main [2ms]
2025-08-23 03:52:54.816 [warning] No such branch: main.
2025-08-23 03:52:54.860 [info] > git status -z -uall [32ms]
2025-08-23 03:53:02.403 [info] > git ls-files --stage -- /home/sagemaker-user/.gitignore [2ms]
2025-08-23 03:53:02.448 [info] > git cat-file -s c25ee6c8e1fa70d89ec2a8b4e68c397d063db984 [8ms]
2025-08-23 03:53:02.747 [info] > git config --get commit.template [3ms]
2025-08-23 03:53:02.780 [info] > git for-each-ref --format=%(refname)%00%(upstream:short)%00%(objectname)%00%(upstream:track)%00%(upstream:remotename)%00%(upstream:remoteref) refs/heads/main refs/remotes/main [16ms]
2025-08-23 03:53:02.780 [warning] No such branch: main.
2025-08-23 03:53:02.795 [info] > git show --textconv :.gitignore [16ms]
2025-08-23 03:53:02.842 [info] > git status -z -uall [47ms]
2025-08-23 03:53:07.942 [info] > git config --get commit.template [13ms]
2025-08-23 03:53:07.942 [info] > git for-each-ref --format=%(refname)%00%(upstream:short)%00%(objectname)%00%(upstream:track)%00%(upstream:remotename)%00%(upstream:remoteref) refs/heads/main refs/remotes/main [1ms]
2025-08-23 03:53:07.943 [warning] No such branch: main.
2025-08-23 03:53:07.987 [info] > git status -z -uall [33ms]
2025-08-23 03:53:13.052 [info] > git config --get commit.template [13ms]
2025-08-23 03:53:13.052 [info] > git for-each-ref --format=%(refname)%00%(upstream:short)%00%(objectname)%00%(upstream:track)%00%(upstream:remotename)%00%(upstream:remoteref) refs/heads/main refs/remotes/main [1ms]
2025-08-23 03:53:13.052 [warning] No such branch: main.
2025-08-23 03:53:13.095 [info] > git status -z -uall [32ms]
2025-08-23 03:53:18.162 [info] > git config --get commit.template [13ms]
2025-08-23 03:53:18.162 [info] > git for-each-ref --format=%(refname)%00%(upstream:short)%00%(objectname)%00%(upstream:track)%00%(upstream:remotename)%00%(upstream:remoteref) refs/heads/main refs/remotes/main [1ms]
2025-08-23 03:53:18.162 [warning] No such branch: main.
2025-08-23 03:53:18.205 [info] > git status -z -uall [32ms]
2025-08-23 03:53:24.046 [info] > git config --get commit.template [13ms]
2025-08-23 03:53:24.046 [info] > git for-each-ref --format=%(refname)%00%(upstream:short)%00%(objectname)%00%(upstream:track)%00%(upstream:remotename)%00%(upstream:remoteref) refs/heads/main refs/remotes/main [2ms]
2025-08-23 03:53:24.046 [warning] No such branch: main.
2025-08-23 03:53:24.089 [info] > git status -z -uall [32ms]
2025-08-23 03:54:04.080 [info] > git config --get commit.template [63ms]
2025-08-23 03:54:04.081 [info] > git for-each-ref --format=%(refname)%00%(upstream:short)%00%(objectname)%00%(upstream:track)%00%(upstream:remotename)%00%(upstream:remoteref) refs/heads/main refs/remotes/main [2ms]
2025-08-23 03:54:04.082 [warning] No such branch: main.
2025-08-23 03:54:04.129 [info] > git status -z -uall [34ms]
2025-08-23 03:54:07.326 [info] > git check-ignore -v -z --stdin [3ms]
2025-08-23 03:54:09.206 [info] > git config --get commit.template [14ms]
2025-08-23 03:54:09.206 [info] > git for-each-ref --format=%(refname)%00%(upstream:short)%00%(objectname)%00%(upstream:track)%00%(upstream:remotename)%00%(upstream:remoteref) refs/heads/main refs/remotes/main [1ms]
2025-08-23 03:54:09.207 [warning] No such branch: main.
2025-08-23 03:54:09.254 [info] > git status -z -uall [36ms]
2025-08-23 03:54:14.327 [info] > git config --get commit.template [13ms]
2025-08-23 03:54:14.327 [info] > git for-each-ref --format=%(refname)%00%(upstream:short)%00%(objectname)%00%(upstream:track)%00%(upstream:remotename)%00%(upstream:remoteref) refs/heads/main refs/remotes/main [2ms]
2025-08-23 03:54:14.327 [warning] No such branch: main.
2025-08-23 03:54:14.379 [info] > git status -z -uall [41ms]
2025-08-23 03:54:19.444 [info] > git config --get commit.template [13ms]
2025-08-23 03:54:19.444 [info] > git for-each-ref --format=%(refname)%00%(upstream:short)%00%(objectname)%00%(upstream:track)%00%(upstream:remotename)%00%(upstream:remoteref) refs/heads/main refs/remotes/main [2ms]
2025-08-23 03:54:19.444 [warning] No such branch: main.
2025-08-23 03:54:19.499 [info] > git status -z -uall [43ms]
2025-08-23 03:54:24.571 [info] > git config --get commit.template [14ms]
2025-08-23 03:54:24.571 [info] > git for-each-ref --format=%(refname)%00%(upstream:short)%00%(objectname)%00%(upstream:track)%00%(upstream:remotename)%00%(upstream:remoteref) refs/heads/main refs/remotes/main [2ms]
2025-08-23 03:54:24.571 [warning] No such branch: main.
2025-08-23 03:54:24.628 [info] > git status -z -uall [44ms]
2025-08-23 03:54:29.686 [info] > git config --get commit.template [12ms]
2025-08-23 03:54:29.686 [info] > git for-each-ref --format=%(refname)%00%(upstream:short)%00%(objectname)%00%(upstream:track)%00%(upstream:remotename)%00%(upstream:remoteref) refs/heads/main refs/remotes/main [1ms]
2025-08-23 03:54:29.686 [warning] No such branch: main.
2025-08-23 03:54:29.726 [info] > git status -z -uall [29ms]
2025-08-23 03:54:31.984 [info] > git ls-files --stage -- /home/sagemaker-user/.gitignore [10ms]
2025-08-23 03:54:31.996 [info] > git cat-file -s c25ee6c8e1fa70d89ec2a8b4e68c397d063db984 [1ms]
2025-08-23 03:54:32.376 [info] > git show --textconv :.gitignore [4ms]
2025-08-23 03:54:34.787 [info] > git config --get commit.template [13ms]
2025-08-23 03:54:34.787 [info] > git for-each-ref --format=%(refname)%00%(upstream:short)%00%(objectname)%00%(upstream:track)%00%(upstream:remotename)%00%(upstream:remoteref) refs/heads/main refs/remotes/main [1ms]
2025-08-23 03:54:34.824 [info] > git status -z -uall [26ms]
2025-08-23 03:54:39.859 [info] > git config --get commit.template [13ms]
2025-08-23 03:54:39.860 [info] > git for-each-ref --format=%(refname)%00%(upstream:short)%00%(objectname)%00%(upstream:track)%00%(upstream:remotename)%00%(upstream:remoteref) refs/heads/main refs/remotes/main [2ms]
2025-08-23 03:54:39.901 [info] > git status -z -uall [30ms]
2025-08-23 03:54:44.930 [info] > git for-each-ref --format=%(refname)%00%(upstream:short)%00%(objectname)%00%(upstream:track)%00%(upstream:remotename)%00%(upstream:remoteref) refs/heads/main refs/remotes/main [3ms]
2025-08-23 03:54:44.931 [info] > git config --get commit.template [15ms]
2025-08-23 03:54:44.974 [info] > git status -z -uall [30ms]
2025-08-23 03:54:50.002 [info] > git config --get commit.template [14ms]
2025-08-23 03:54:50.003 [info] > git for-each-ref --format=%(refname)%00%(upstream:short)%00%(objectname)%00%(upstream:track)%00%(upstream:remotename)%00%(upstream:remoteref) refs/heads/main refs/remotes/main [2ms]
2025-08-23 03:54:50.046 [info] > git status -z -uall [32ms]
2025-08-23 03:54:55.073 [info] > git config --get commit.template [13ms]
2025-08-23 03:54:55.074 [info] > git for-each-ref --format=%(refname)%00%(upstream:short)%00%(objectname)%00%(upstream:track)%00%(upstream:remotename)%00%(upstream:remoteref) refs/heads/main refs/remotes/main [2ms]
2025-08-23 03:54:55.114 [info] > git status -z -uall [29ms]
2025-08-23 03:55:00.153 [info] > git config --get commit.template [18ms]
2025-08-23 03:55:00.154 [info] > git for-each-ref --format=%(refname)%00%(upstream:short)%00%(objectname)%00%(upstream:track)%00%(upstream:remotename)%00%(upstream:remoteref) refs/heads/main refs/remotes/main [2ms]
2025-08-23 03:55:00.206 [info] > git status -z -uall [40ms]
2025-08-23 03:55:05.242 [info] > git for-each-ref --format=%(refname)%00%(upstream:short)%00%(objectname)%00%(upstream:track)%00%(upstream:remotename)%00%(upstream:remoteref) refs/heads/main refs/remotes/main [1ms]
2025-08-23 03:55:05.242 [info] > git config --get commit.template [18ms]
2025-08-23 03:55:05.284 [info] > git status -z -uall [29ms]
2025-08-23 03:55:06.113 [info] > git check-ignore -v -z --stdin [4ms]
2025-08-23 03:55:10.313 [info] > git config --get commit.template [14ms]
2025-08-23 03:55:10.314 [info] > git for-each-ref --format=%(refname)%00%(upstream:short)%00%(objectname)%00%(upstream:track)%00%(upstream:remotename)%00%(upstream:remoteref) refs/heads/main refs/remotes/main [2ms]
2025-08-23 03:55:10.356 [info] > git status -z -uall [30ms]
2025-08-23 03:55:15.384 [info] > git config --get commit.template [13ms]
2025-08-23 03:55:15.385 [info] > git for-each-ref --format=%(refname)%00%(upstream:short)%00%(objectname)%00%(upstream:track)%00%(upstream:remotename)%00%(upstream:remoteref) refs/heads/main refs/remotes/main [2ms]
2025-08-23 03:55:15.428 [info] > git status -z -uall [28ms]
2025-08-23 03:56:02.951 [info] > git config --get commit.template [25ms]
2025-08-23 03:56:02.951 [info] > git for-each-ref --format=%(refname)%00%(upstream:short)%00%(objectname)%00%(upstream:track)%00%(upstream:remotename)%00%(upstream:remoteref) refs/heads/main refs/remotes/main [2ms]
2025-08-23 03:56:03.032 [info] > git status -z -uall [67ms]
2025-08-23 03:56:08.060 [info] > git config --get commit.template [13ms]
2025-08-23 03:56:08.062 [info] > git for-each-ref --format=%(refname)%00%(upstream:short)%00%(objectname)%00%(upstream:track)%00%(upstream:remotename)%00%(upstream:remoteref) refs/heads/main refs/remotes/main [3ms]
2025-08-23 03:56:08.102 [info] > git status -z -uall [29ms]
2025-08-23 03:56:13.119 [info] > git config --get commit.template [3ms]
2025-08-23 03:56:13.131 [info] > git for-each-ref --format=%(refname)%00%(upstream:short)%00%(objectname)%00%(upstream:track)%00%(upstream:remotename)%00%(upstream:remoteref) refs/heads/main refs/remotes/main [1ms]
2025-08-23 03:56:13.171 [info] > git status -z -uall [29ms]
2025-08-23 03:56:18.198 [info] > git config --get commit.template [13ms]
2025-08-23 03:56:18.199 [info] > git for-each-ref --format=%(refname)%00%(upstream:short)%00%(objectname)%00%(upstream:track)%00%(upstream:remotename)%00%(upstream:remoteref) refs/heads/main refs/remotes/main [2ms]
2025-08-23 03:56:18.241 [info] > git status -z -uall [31ms]
2025-08-23 03:56:23.256 [info] > git config --get commit.template [2ms]
2025-08-23 03:56:23.269 [info] > git for-each-ref --format=%(refname)%00%(upstream:short)%00%(objectname)%00%(upstream:track)%00%(upstream:remotename)%00%(upstream:remoteref) refs/heads/main refs/remotes/main [2ms]
2025-08-23 03:56:23.306 [info] > git status -z -uall [26ms]
2025-08-23 03:56:28.321 [info] > git config --get commit.template [1ms]
2025-08-23 03:56:28.334 [info] > git for-each-ref --format=%(refname)%00%(upstream:short)%00%(objectname)%00%(upstream:track)%00%(upstream:remotename)%00%(upstream:remoteref) refs/heads/main refs/remotes/main [1ms]
2025-08-23 03:56:28.371 [info] > git status -z -uall [27ms]
2025-08-23 03:56:33.399 [info] > git for-each-ref --format=%(refname)%00%(upstream:short)%00%(objectname)%00%(upstream:track)%00%(upstream:remotename)%00%(upstream:remoteref) refs/heads/main refs/remotes/main [2ms]
2025-08-23 03:56:33.399 [info] > git config --get commit.template [14ms]
2025-08-23 03:56:33.440 [info] > git status -z -uall [30ms]
2025-08-23 03:56:38.468 [info] > git config --get commit.template [14ms]
2025-08-23 03:56:38.470 [info] > git for-each-ref --format=%(refname)%00%(upstream:short)%00%(objectname)%00%(upstream:track)%00%(upstream:remotename)%00%(upstream:remoteref) refs/heads/main refs/remotes/main [2ms]
2025-08-23 03:56:38.511 [info] > git status -z -uall [30ms]
2025-08-23 03:56:43.527 [info] > git config --get commit.template [2ms]
2025-08-23 03:56:43.540 [info] > git for-each-ref --format=%(refname)%00%(upstream:short)%00%(objectname)%00%(upstream:track)%00%(upstream:remotename)%00%(upstream:remoteref) refs/heads/main refs/remotes/main [2ms]
2025-08-23 03:56:43.581 [info] > git status -z -uall [30ms]
2025-08-23 03:57:23.058 [info] > git config --get commit.template [50ms]
2025-08-23 03:57:23.059 [info] > git for-each-ref --format=%(refname)%00%(upstream:short)%00%(objectname)%00%(upstream:track)%00%(upstream:remotename)%00%(upstream:remoteref) refs/heads/main refs/remotes/main [7ms]
2025-08-23 03:57:23.108 [info] > git status -z -uall [30ms]
2025-08-23 03:57:28.151 [info] > git config --get commit.template [3ms]
2025-08-23 03:57:28.173 [info] > git for-each-ref --format=%(refname)%00%(upstream:short)%00%(objectname)%00%(upstream:track)%00%(upstream:remotename)%00%(upstream:remoteref) refs/heads/main refs/remotes/main [3ms]
2025-08-23 03:57:28.241 [info] > git status -z -uall [51ms]
2025-08-23 03:57:33.323 [info] > git config --get commit.template [45ms]
2025-08-23 03:57:33.326 [info] > git for-each-ref --format=%(refname)%00%(upstream:short)%00%(objectname)%00%(upstream:track)%00%(upstream:remotename)%00%(upstream:remoteref) refs/heads/main refs/remotes/main [4ms]
2025-08-23 03:57:33.391 [info] > git status -z -uall [47ms]
2025-08-23 03:57:38.429 [info] > git config --get commit.template [3ms]
2025-08-23 03:57:38.495 [info] > git for-each-ref --format=%(refname)%00%(upstream:short)%00%(objectname)%00%(upstream:track)%00%(upstream:remotename)%00%(upstream:remoteref) refs/heads/main refs/remotes/main [32ms]
2025-08-23 03:57:38.610 [info] > git status -z -uall [80ms]
2025-08-23 03:57:43.679 [info] > git config --get commit.template [34ms]
2025-08-23 03:57:43.681 [info] > git for-each-ref --format=%(refname)%00%(upstream:short)%00%(objectname)%00%(upstream:track)%00%(upstream:remotename)%00%(upstream:remoteref) refs/heads/main refs/remotes/main [3ms]
2025-08-23 03:57:43.795 [info] > git status -z -uall [80ms]
2025-08-23 03:57:48.832 [info] > git config --get commit.template [3ms]
2025-08-23 03:57:48.860 [info] > git for-each-ref --format=%(refname)%00%(upstream:short)%00%(objectname)%00%(upstream:track)%00%(upstream:remotename)%00%(upstream:remoteref) refs/heads/main refs/remotes/main [2ms]
2025-08-23 03:57:48.934 [info] > git status -z -uall [47ms]
2025-08-23 03:57:53.998 [info] > git config --get commit.template [32ms]
2025-08-23 03:57:54.002 [info] > git for-each-ref --format=%(refname)%00%(upstream:short)%00%(objectname)%00%(upstream:track)%00%(upstream:remotename)%00%(upstream:remoteref) refs/heads/main refs/remotes/main [5ms]
2025-08-23 03:57:54.115 [info] > git status -z -uall [81ms]
2025-08-23 03:57:59.159 [info] > git config --get commit.template [22ms]
2025-08-23 03:57:59.162 [info] > git for-each-ref --format=%(refname)%00%(upstream:short)%00%(objectname)%00%(upstream:track)%00%(upstream:remotename)%00%(upstream:remoteref) refs/heads/main refs/remotes/main [7ms]
2025-08-23 03:57:59.227 [info] > git status -z -uall [47ms]
2025-08-23 03:58:04.280 [info] > git config --get commit.template [24ms]
2025-08-23 03:58:04.283 [info] > git for-each-ref --format=%(refname)%00%(upstream:short)%00%(objectname)%00%(upstream:track)%00%(upstream:remotename)%00%(upstream:remoteref) refs/heads/main refs/remotes/main [4ms]
2025-08-23 03:58:04.346 [info] > git status -z -uall [46ms]
2025-08-23 03:58:09.401 [info] > git config --get commit.template [30ms]
2025-08-23 03:58:09.407 [info] > git for-each-ref --format=%(refname)%00%(upstream:short)%00%(objectname)%00%(upstream:track)%00%(upstream:remotename)%00%(upstream:remoteref) refs/heads/main refs/remotes/main [19ms]
2025-08-23 03:58:09.469 [info] > git status -z -uall [44ms]
2025-08-23 03:58:14.513 [info] > git config --get commit.template [20ms]
2025-08-23 03:58:14.518 [info] > git for-each-ref --format=%(refname)%00%(upstream:short)%00%(objectname)%00%(upstream:track)%00%(upstream:remotename)%00%(upstream:remoteref) refs/heads/main refs/remotes/main [6ms]
2025-08-23 03:58:14.580 [info] > git status -z -uall [45ms]
2025-08-23 03:58:19.598 [info] > git config --get commit.template [3ms]
2025-08-23 03:58:19.611 [info] > git for-each-ref --format=%(refname)%00%(upstream:short)%00%(objectname)%00%(upstream:track)%00%(upstream:remotename)%00%(upstream:remoteref) refs/heads/main refs/remotes/main [2ms]
2025-08-23 03:58:19.652 [info] > git status -z -uall [30ms]
2025-08-23 03:59:01.940 [info] > git config --get commit.template [28ms]
2025-08-23 03:59:01.941 [info] > git for-each-ref --format=%(refname)%00%(upstream:short)%00%(objectname)%00%(upstream:track)%00%(upstream:remotename)%00%(upstream:remoteref) refs/heads/main refs/remotes/main [2ms]
2025-08-23 03:59:02.038 [info] > git status -z -uall [68ms]
2025-08-23 03:59:06.462 [info] > git check-ignore -v -z --stdin [15ms]
2025-08-23 03:59:06.467 [info] > git check-ignore -v -z --stdin [7ms]
2025-08-23 03:59:07.066 [info] > git config --get commit.template [13ms]
2025-08-23 03:59:07.067 [info] > git for-each-ref --format=%(refname)%00%(upstream:short)%00%(objectname)%00%(upstream:track)%00%(upstream:remotename)%00%(upstream:remoteref) refs/heads/main refs/remotes/main [2ms]
2025-08-23 03:59:07.108 [info] > git status -z -uall [30ms]
2025-08-23 03:59:12.136 [info] > git config --get commit.template [14ms]
2025-08-23 03:59:12.137 [info] > git for-each-ref --format=%(refname)%00%(upstream:short)%00%(objectname)%00%(upstream:track)%00%(upstream:remotename)%00%(upstream:remoteref) refs/heads/main refs/remotes/main [3ms]
2025-08-23 03:59:12.178 [info] > git status -z -uall [30ms]
2025-08-23 03:59:17.205 [info] > git config --get commit.template [13ms]
2025-08-23 03:59:17.206 [info] > git for-each-ref --format=%(refname)%00%(upstream:short)%00%(objectname)%00%(upstream:track)%00%(upstream:remotename)%00%(upstream:remoteref) refs/heads/main refs/remotes/main [2ms]
2025-08-23 03:59:17.244 [info] > git status -z -uall [27ms]
2025-08-23 03:59:18.681 [info] > git check-ignore -v -z --stdin [15ms]
2025-08-23 03:59:18.686 [info] > git check-ignore -v -z --stdin [7ms]
2025-08-23 03:59:20.973 [info] > git check-ignore -v -z --stdin [12ms]
2025-08-23 03:59:20.977 [info] > git check-ignore -v -z --stdin [5ms]
2025-08-23 03:59:23.085 [info] > git check-ignore -v -z --stdin [14ms]
2025-08-23 03:59:23.087 [info] > git check-ignore -v -z --stdin [5ms]
2025-08-23 03:59:25.051 [info] > git config --get commit.template [3ms]
2025-08-23 03:59:25.065 [info] > git for-each-ref --format=%(refname)%00%(upstream:short)%00%(objectname)%00%(upstream:track)%00%(upstream:remotename)%00%(upstream:remoteref) refs/heads/main refs/remotes/main [2ms]
2025-08-23 03:59:25.106 [info] > git status -z -uall [30ms]
2025-08-23 03:59:30.133 [info] > git config --get commit.template [12ms]
2025-08-23 03:59:30.133 [info] > git for-each-ref --format=%(refname)%00%(upstream:short)%00%(objectname)%00%(upstream:track)%00%(upstream:remotename)%00%(upstream:remoteref) refs/heads/main refs/remotes/main [1ms]
2025-08-23 03:59:30.176 [info] > git status -z -uall [31ms]
2025-08-23 03:59:31.345 [info] > git check-ignore -v -z --stdin [16ms]
2025-08-23 03:59:31.350 [info] > git check-ignore -v -z --stdin [7ms]
2025-08-23 03:59:33.437 [info] > git check-ignore -v -z --stdin [16ms]
2025-08-23 03:59:33.440 [info] > git check-ignore -v -z --stdin [6ms]
2025-08-23 03:59:36.063 [info] > git config --get commit.template [13ms]
2025-08-23 03:59:36.064 [info] > git for-each-ref --format=%(refname)%00%(upstream:short)%00%(objectname)%00%(upstream:track)%00%(upstream:remotename)%00%(upstream:remoteref) refs/heads/main refs/remotes/main [2ms]
2025-08-23 03:59:36.104 [info] > git status -z -uall [28ms]
2025-08-23 03:59:38.007 [info] > git ls-files --stage -- /home/sagemaker-user/.gitignore [3ms]
2025-08-23 03:59:38.022 [info] > git cat-file -s c25ee6c8e1fa70d89ec2a8b4e68c397d063db984 [2ms]
2025-08-23 03:59:38.273 [info] > git show --textconv :.gitignore [3ms]
2025-08-23 03:59:41.131 [info] > git config --get commit.template [13ms]
2025-08-23 03:59:41.132 [info] > git for-each-ref --format=%(refname)%00%(upstream:short)%00%(objectname)%00%(upstream:track)%00%(upstream:remotename)%00%(upstream:remoteref) refs/heads/main refs/remotes/main [2ms]
2025-08-23 03:59:41.172 [info] > git status -z -uall [29ms]
2025-08-23 03:59:46.202 [info] > git config --get commit.template [16ms]
2025-08-23 03:59:46.203 [info] > git for-each-ref --format=%(refname)%00%(upstream:short)%00%(objectname)%00%(upstream:track)%00%(upstream:remotename)%00%(upstream:remoteref) refs/heads/main refs/remotes/main [2ms]
2025-08-23 03:59:46.245 [info] > git status -z -uall [31ms]
2025-08-23 03:59:51.272 [info] > git config --get commit.template [13ms]
2025-08-23 03:59:51.274 [info] > git for-each-ref --format=%(refname)%00%(upstream:short)%00%(objectname)%00%(upstream:track)%00%(upstream:remotename)%00%(upstream:remoteref) refs/heads/main refs/remotes/main [3ms]
2025-08-23 03:59:51.318 [info] > git status -z -uall [33ms]
2025-08-23 03:59:52.424 [info] > git ls-files --stage -- /home/sagemaker-user/.gitignore [3ms]
2025-08-23 03:59:52.437 [info] > git cat-file -s 4da415e8e8c5aa8a6a07912725a7d971d81b1674 [2ms]
2025-08-23 03:59:52.691 [info] > git show --textconv :.gitignore [4ms]
2025-08-23 03:59:56.337 [info] > git config --get commit.template [3ms]
2025-08-23 03:59:56.390 [info] > git for-each-ref --format=%(refname)%00%(upstream:short)%00%(objectname)%00%(upstream:track)%00%(upstream:remotename)%00%(upstream:remoteref) refs/heads/main refs/remotes/main [17ms]
2025-08-23 03:59:56.492 [info] > git status -z -uall [86ms]
2025-08-23 04:00:01.779 [info] > git config --get commit.template [134ms]
2025-08-23 04:00:01.780 [info] > git for-each-ref --format=%(refname)%00%(upstream:short)%00%(objectname)%00%(upstream:track)%00%(upstream:remotename)%00%(upstream:remoteref) refs/heads/main refs/remotes/main [8ms]
2025-08-23 04:00:02.167 [info] > git status -z -uall [334ms]
2025-08-23 04:00:07.214 [info] > git config --get commit.template [0ms]
2025-08-23 04:00:07.228 [info] > git for-each-ref --format=%(refname)%00%(upstream:short)%00%(objectname)%00%(upstream:track)%00%(upstream:remotename)%00%(upstream:remoteref) refs/heads/main refs/remotes/main [2ms]
2025-08-23 04:00:07.274 [info] > git status -z -uall [32ms]
2025-08-23 04:00:12.291 [info] > git config --get commit.template [1ms]
2025-08-23 04:00:12.302 [info] > git for-each-ref --format=%(refname)%00%(upstream:short)%00%(objectname)%00%(upstream:track)%00%(upstream:remotename)%00%(upstream:remoteref) refs/heads/main refs/remotes/main [1ms]
2025-08-23 04:00:12.339 [info] > git status -z -uall [26ms]
2025-08-23 04:00:17.366 [info] > git config --get commit.template [14ms]
2025-08-23 04:00:17.367 [info] > git for-each-ref --format=%(refname)%00%(upstream:short)%00%(objectname)%00%(upstream:track)%00%(upstream:remotename)%00%(upstream:remoteref) refs/heads/main refs/remotes/main [2ms]
2025-08-23 04:00:17.408 [info] > git status -z -uall [29ms]
2025-08-23 04:00:22.435 [info] > git config --get commit.template [13ms]
2025-08-23 04:00:22.436 [info] > git for-each-ref --format=%(refname)%00%(upstream:short)%00%(objectname)%00%(upstream:track)%00%(upstream:remotename)%00%(upstream:remoteref) refs/heads/main refs/remotes/main [1ms]
2025-08-23 04:00:22.477 [info] > git status -z -uall [30ms]
2025-08-23 04:00:24.687 [info] > git ls-files --stage -- /home/sagemaker-user/.gitignore [3ms]
2025-08-23 04:00:24.700 [info] > git cat-file -s 4da415e8e8c5aa8a6a07912725a7d971d81b1674 [1ms]
2025-08-23 04:00:24.952 [info] > git show --textconv :.gitignore [3ms]
2025-08-23 04:00:27.502 [info] > git config --get commit.template [12ms]
2025-08-23 04:00:27.502 [info] > git for-each-ref --format=%(refname)%00%(upstream:short)%00%(objectname)%00%(upstream:track)%00%(upstream:remotename)%00%(upstream:remoteref) refs/heads/main refs/remotes/main [1ms]
2025-08-23 04:00:27.545 [info] > git status -z -uall [31ms]
2025-08-23 04:00:32.575 [info] > git config --get commit.template [13ms]
2025-08-23 04:00:32.578 [info] > git for-each-ref --format=%(refname)%00%(upstream:short)%00%(objectname)%00%(upstream:track)%00%(upstream:remotename)%00%(upstream:remoteref) refs/heads/main refs/remotes/main [3ms]
2025-08-23 04:00:32.617 [info] > git status -z -uall [28ms]
2025-08-23 04:00:37.634 [info] > git config --get commit.template [2ms]
2025-08-23 04:00:37.647 [info] > git for-each-ref --format=%(refname)%00%(upstream:short)%00%(objectname)%00%(upstream:track)%00%(upstream:remotename)%00%(upstream:remoteref) refs/heads/main refs/remotes/main [1ms]
2025-08-23 04:00:37.688 [info] > git status -z -uall [30ms]
2025-08-23 04:00:42.714 [info] > git for-each-ref --format=%(refname)%00%(upstream:short)%00%(objectname)%00%(upstream:track)%00%(upstream:remotename)%00%(upstream:remoteref) refs/heads/main refs/remotes/main [1ms]
2025-08-23 04:00:42.715 [info] > git config --get commit.template [12ms]
2025-08-23 04:00:42.753 [info] > git status -z -uall [28ms]
2025-08-23 04:01:05.829 [info] > git config --get commit.template [14ms]
2025-08-23 04:01:05.830 [info] > git for-each-ref --format=%(refname)%00%(upstream:short)%00%(objectname)%00%(upstream:track)%00%(upstream:remotename)%00%(upstream:remoteref) refs/heads/main refs/remotes/main [2ms]
2025-08-23 04:01:05.873 [info] > git status -z -uall [31ms]
2025-08-23 04:01:09.256 [info] > git ls-files --stage -- /home/sagemaker-user/.gitignore [4ms]
2025-08-23 04:01:09.269 [info] > git cat-file -s c25ee6c8e1fa70d89ec2a8b4e68c397d063db984 [2ms]
2025-08-23 04:01:10.450 [info] > git show --textconv :.gitignore [3ms]
2025-08-23 04:01:10.901 [info] > git config --get commit.template [13ms]
2025-08-23 04:01:10.903 [info] > git for-each-ref --format=%(refname)%00%(upstream:short)%00%(objectname)%00%(upstream:track)%00%(upstream:remotename)%00%(upstream:remoteref) refs/heads/main refs/remotes/main [3ms]
2025-08-23 04:01:10.946 [info] > git status -z -uall [32ms]
2025-08-23 04:01:16.924 [info] > git config --get commit.template [13ms]
2025-08-23 04:01:16.924 [info] > git for-each-ref --format=%(refname)%00%(upstream:short)%00%(objectname)%00%(upstream:track)%00%(upstream:remotename)%00%(upstream:remoteref) refs/heads/main refs/remotes/main [1ms]
2025-08-23 04:01:16.967 [info] > git status -z -uall [31ms]
2025-08-23 04:01:20.768 [info] > git check-ignore -v -z --stdin [18ms]
2025-08-23 04:01:20.771 [info] > git check-ignore -v -z --stdin [5ms]
2025-08-23 04:01:22.023 [info] > git for-each-ref --format=%(refname)%00%(upstream:short)%00%(objectname)%00%(upstream:track)%00%(upstream:remotename)%00%(upstream:remoteref) refs/heads/main refs/remotes/main [6ms]
2025-08-23 04:01:22.023 [info] > git config --get commit.template [27ms]
2025-08-23 04:01:22.085 [info] > git status -z -uall [37ms]
2025-08-23 04:01:24.343 [info] > git check-ignore -v -z --stdin [15ms]
2025-08-23 04:01:24.349 [info] > git check-ignore -v -z --stdin [7ms]
2025-08-23 04:01:26.896 [info] > git check-ignore -v -z --stdin [15ms]
2025-08-23 04:01:26.900 [info] > git check-ignore -v -z --stdin [5ms]
2025-08-23 04:01:30.163 [info] > git config --get commit.template [21ms]
2025-08-23 04:01:30.167 [info] > git for-each-ref --format=%(refname)%00%(upstream:short)%00%(objectname)%00%(upstream:track)%00%(upstream:remotename)%00%(upstream:remoteref) refs/heads/main refs/remotes/main [6ms]
2025-08-23 04:01:30.236 [info] > git status -z -uall [54ms]
2025-08-23 04:01:31.662 [info] > git check-ignore -v -z --stdin [16ms]
2025-08-23 04:01:31.666 [info] > git check-ignore -v -z --stdin [5ms]
2025-08-23 04:01:35.268 [info] > git config --get commit.template [13ms]
2025-08-23 04:01:35.269 [info] > git for-each-ref --format=%(refname)%00%(upstream:short)%00%(objectname)%00%(upstream:track)%00%(upstream:remotename)%00%(upstream:remoteref) refs/heads/main refs/remotes/main [2ms]
2025-08-23 04:01:35.312 [info] > git status -z -uall [31ms]
2025-08-23 04:01:39.269 [info] > git ls-files --stage -- /home/sagemaker-user/.gitignore [3ms]
2025-08-23 04:01:39.282 [info] > git cat-file -s c25ee6c8e1fa70d89ec2a8b4e68c397d063db984 [1ms]
2025-08-23 04:01:39.532 [info] > git show --textconv :.gitignore [3ms]
2025-08-23 04:01:44.270 [info] > git config --get commit.template [14ms]
2025-08-23 04:01:44.271 [info] > git for-each-ref --format=%(refname)%00%(upstream:short)%00%(objectname)%00%(upstream:track)%00%(upstream:remotename)%00%(upstream:remoteref) refs/heads/main refs/remotes/main [2ms]
2025-08-23 04:01:44.318 [info] > git status -z -uall [30ms]
