2025-08-23 02:36:17.921 [info] Log level: info, beta=false
2025-08-23 02:36:17.921 [info] Telemetry product: Amazon Q For VS Code
2025-08-23 02:36:18.107 [warning] AwsContext: no default region in credentials profile, falling back to us-east-1:
2025-08-23 02:36:18.188 [info] Telemetry clientId: 96c369f9-03bf-4c24-88b7-029a50b9bb2d
2025-08-23 02:36:18.188 [info] Telemetry sessionId: deadb93f-2ae7-4ee6-bf86-2bc2fa540e39
2025-08-23 02:36:18.489 [warning] Ec2MetadataClient failed to fetch token. If this is an EC2 environment, then Toolkit will fall back to IMDSv1: Error: connect EINVAL 169.254.169.254:80 - Local (0.0.0.0:0) [EINVAL]
2025-08-23 02:36:19.258 [error] Profile default is not a valid Credential Profile: not supported by the Toolkit
2025-08-23 02:36:19.258 [warning] Shared Credentials Profile default is not valid. It will not be used by the toolkit.
2025-08-23 02:36:20.305 [error] Profile default is not a valid Credential Profile: not supported by the Toolkit
2025-08-23 02:36:20.305 [warning] Shared Credentials Profile default is not valid. It will not be used by the toolkit.
2025-08-23 02:36:21.059 [error] Profile default is not a valid Credential Profile: not supported by the Toolkit
2025-08-23 02:36:21.059 [warning] Shared Credentials Profile default is not valid. It will not be used by the toolkit.
2025-08-23 02:36:21.060 [info] auth: Updating connection state of ecs:instance to authenticating
2025-08-23 02:36:21.060 [info] codewhisperer: connection changed to authenticating: ecs:instance
2025-08-23 02:36:21.137 [info] auth: Updating connection state of ecs:instance to valid
2025-08-23 02:36:21.411 [info] codewhisperer: connection changed to valid: ecs:instance
2025-08-23 02:36:21.411 [info] codewhisperer: connection states
    connection isValid=false,
    connection isValidCodewhispererCoreConnection=false,
    connection isExpired=false,
    secondaryAuth isExpired=false,
    connection isUndefined=true
2025-08-23 02:36:21.411 [info] codewhisperer: active connection changed
2025-08-23 02:36:21.411 [info] secondaryAuth: connectionId=ecs:instance, connectionStatus=valid
2025-08-23 02:36:21.411 [info] codewhisperer: connection states
    connection isValid=true,
    connection isValidCodewhispererCoreConnection=true,
    connection isExpired=false,
    secondaryAuth isExpired=false,
    connection isUndefined=false
2025-08-23 02:36:21.915 [info] auth: automatically connected with "ecs:instance"
2025-08-23 02:36:22.665 [error] Profile default is not a valid Credential Profile: not supported by the Toolkit
2025-08-23 02:36:22.665 [warning] Shared Credentials Profile default is not valid. It will not be used by the toolkit.
2025-08-23 02:36:22.665 [info] codewhisperer: active connection changed
2025-08-23 02:36:23.430 [error] Profile default is not a valid Credential Profile: not supported by the Toolkit
2025-08-23 02:36:23.430 [warning] Shared Credentials Profile default is not valid. It will not be used by the toolkit.
2025-08-23 02:36:23.430 [info] Trying to register toolkit callback. Toolkit is installed,
                        toolkit activated = false
2025-08-23 02:36:23.430 [error] CodeWhisperer: Error when fetching feature configs Error: Connection is not an SSO connection
2025-08-23 02:36:23.430 [error] CodeWhisperer: Error when fetching feature configs Error: Connection is not an SSO connection
